TN:
SF:src/App.tsx
FN:35,App
FN:39,(anonymous_1)
FN:42,(anonymous_2)
FN:46,(anonymous_3)
FN:60,(anonymous_4)
FNF:5
FNH:3
FNDA:3,App
FNDA:1,(anonymous_1)
FNDA:0,(anonymous_2)
FNDA:0,(anonymous_3)
FNDA:1,(anonymous_4)
DA:36,3
DA:37,3
DA:39,3
DA:40,1
DA:41,1
DA:42,0
DA:43,0
DA:44,0
DA:46,1
DA:47,1
DA:50,3
DA:60,1
LF:12
LH:9
BRDA:41,0,0,0
BRDA:41,0,1,1
BRF:2
BRH:1
end_of_record
TN:
SF:src/react-app-env.d.ts
FNF:0
FNH:0
LF:0
LH:0
BRF:0
BRH:0
end_of_record
TN:
SF:src/components/index.ts
FNF:0
FNH:0
LF:0
LH:0
BRF:0
BRH:0
end_of_record
TN:
SF:src/components/Button/Button.tsx
FN:10,(anonymous_0)
FN:11,(anonymous_1)
FN:21,(anonymous_2)
FNF:3
FNH:3
FNDA:143,(anonymous_0)
FNDA:17,(anonymous_1)
FNDA:17,(anonymous_2)
DA:10,5
DA:11,143
DA:12,17
DA:13,17
DA:16,143
DA:21,17
DA:28,5
LF:7
LH:7
BRDA:13,0,0,17
BRDA:13,0,1,0
BRF:2
BRH:1
end_of_record
TN:
SF:src/components/Card/index.ts
FNF:0
FNH:0
LF:0
LH:0
BRF:0
BRH:0
end_of_record
TN:
SF:src/components/Card/User/CardUser.tsx
FN:14,(anonymous_0)
FN:20,(anonymous_1)
FN:37,(anonymous_2)
FNF:3
FNH:3
FNDA:3,(anonymous_0)
FNDA:2,(anonymous_1)
FNDA:2,(anonymous_2)
DA:14,4
DA:20,3
DA:21,2
DA:22,1
DA:24,1
DA:29,3
DA:30,3
DA:37,2
DA:45,4
LF:9
LH:9
BRDA:21,0,0,1
BRDA:21,0,1,1
BRDA:22,1,0,1
BRDA:22,1,1,0
BRDA:24,2,0,1
BRDA:24,2,1,0
BRDA:29,3,0,1
BRDA:29,3,1,2
BRDA:37,4,0,1
BRDA:37,4,1,2
BRF:10
BRH:8
end_of_record
TN:
SF:src/components/Counter/Counter.tsx
FN:15,(anonymous_0)
FN:21,(anonymous_1)
FN:29,(anonymous_2)
FN:40,(anonymous_3)
FN:51,(anonymous_4)
FN:61,(anonymous_5)
FN:78,(anonymous_6)
FN:106,(anonymous_7)
FN:113,(anonymous_8)
FN:119,(anonymous_9)
FN:126,(anonymous_10)
FN:132,(anonymous_11)
FNF:12
FNH:12
FNDA:23,(anonymous_0)
FNDA:11,(anonymous_1)
FNDA:2,(anonymous_2)
FNDA:1,(anonymous_3)
FNDA:4,(anonymous_4)
FNDA:4,(anonymous_5)
FNDA:6,(anonymous_6)
FNDA:4,(anonymous_7)
FNDA:1,(anonymous_8)
FNDA:6,(anonymous_9)
FNDA:92,(anonymous_10)
FNDA:4,(anonymous_11)
DA:14,4
DA:15,4
DA:16,23
DA:17,23
DA:18,23
DA:19,23
DA:21,23
DA:22,11
DA:23,1
DA:24,1
DA:25,1
DA:29,23
DA:30,2
DA:31,2
DA:32,1
DA:34,1
DA:37,2
DA:40,23
DA:41,1
DA:42,1
DA:43,1
DA:45,0
DA:48,1
DA:51,23
DA:52,4
DA:53,4
DA:54,2
DA:56,2
DA:58,4
DA:61,23
DA:62,4
DA:64,1
DA:65,1
DA:68,2
DA:69,2
DA:72,1
DA:73,1
DA:78,23
DA:79,6
DA:81,2
DA:82,2
DA:85,2
DA:86,2
DA:89,2
DA:90,2
DA:95,23
DA:106,4
DA:113,1
DA:119,6
DA:127,92
DA:132,4
DA:145,4
LF:52
LH:51
BRDA:22,0,0,1
BRDA:22,0,1,10
BRDA:31,1,0,1
BRDA:31,1,1,1
BRDA:42,2,0,1
BRDA:42,2,1,0
BRDA:48,3,0,0
BRDA:48,3,1,1
BRDA:53,4,0,2
BRDA:53,4,1,2
BRDA:58,5,0,0
BRDA:58,5,1,4
BRDA:62,6,0,1
BRDA:62,6,1,2
BRDA:62,6,2,1
BRDA:72,7,0,0
BRDA:72,7,1,1
BRDA:79,8,0,2
BRDA:79,8,1,2
BRDA:79,8,2,2
BRF:20
BRH:16
end_of_record
TN:
SF:src/components/Input/index.ts
FNF:0
FNH:0
LF:0
LH:0
BRF:0
BRH:0
end_of_record
TN:
SF:src/components/Input/Number/Number.tsx
FN:12,(anonymous_0)
FN:19,(anonymous_1)
FN:23,(anonymous_2)
FN:38,(anonymous_3)
FNF:4
FNH:4
FNDA:24,(anonymous_0)
FNDA:2,(anonymous_1)
FNDA:2,(anonymous_2)
FNDA:2,(anonymous_3)
DA:12,5
DA:19,24
DA:20,2
DA:23,24
DA:24,2
DA:25,2
DA:29,24
DA:38,2
DA:44,5
LF:9
LH:9
BRDA:24,0,0,2
BRDA:24,0,1,0
BRF:2
BRH:1
end_of_record
TN:
SF:src/components/Input/Text/Text.tsx
FN:11,(anonymous_0)
FN:17,(anonymous_1)
FN:30,(anonymous_2)
FNF:3
FNH:3
FNDA:4,(anonymous_0)
FNDA:2,(anonymous_1)
FNDA:2,(anonymous_2)
DA:11,5
DA:17,4
DA:18,2
DA:21,4
DA:30,2
DA:36,5
LF:6
LH:6
BRDA:18,0,0,2
BRDA:18,0,1,0
BRF:2
BRH:1
end_of_record
TN:
SF:src/components/List/index.ts
FNF:0
FNH:0
LF:0
LH:0
BRF:0
BRH:0
end_of_record
TN:
SF:src/components/List/User/User.tsx
FN:9,(anonymous_0)
FN:14,(anonymous_1)
FN:18,(anonymous_2)
FN:20,(anonymous_3)
FN:29,(anonymous_4)
FN:41,(anonymous_5)
FN:45,(anonymous_6)
FN:52,(anonymous_7)
FN:54,(anonymous_8)
FN:54,(anonymous_9)
FNF:10
FNH:3
FNDA:4,(anonymous_0)
FNDA:3,(anonymous_1)
FNDA:0,(anonymous_2)
FNDA:0,(anonymous_3)
FNDA:0,(anonymous_4)
FNDA:4,(anonymous_5)
FNDA:0,(anonymous_6)
FNDA:0,(anonymous_7)
FNDA:0,(anonymous_8)
FNDA:0,(anonymous_9)
DA:9,4
DA:10,4
DA:11,4
DA:14,4
DA:15,3
DA:18,4
DA:19,0
DA:20,0
DA:21,0
DA:22,0
DA:24,0
DA:26,0
DA:29,0
DA:30,0
DA:31,0
DA:33,0
DA:36,0
DA:41,4
DA:42,4
DA:43,1
DA:45,3
DA:49,4
DA:53,0
DA:54,0
DA:64,4
LF:25
LH:12
BRDA:19,0,0,0
BRDA:19,0,1,0
BRDA:21,1,0,0
BRDA:21,1,1,0
BRDA:30,2,0,0
BRDA:30,2,1,0
BRDA:42,3,0,1
BRDA:42,3,1,3
BRF:8
BRH:2
end_of_record
